<?xml version="1.0" encoding="UTF-8" standalone="no"?><testsuite errors="0" failures="0" name="Weather Information" skipped="0" tests="11" time="3.2" timestamp="2023-08-05 09:16:34"><testcase name="Successful consult weather information by name of city"/><testcase name="Consult weather information with empty city"/><testcase name="Successful consult  weather information by latitude and longitude"/><testcase name="Consult  weather information with empty latitud"/><testcase name="Consult  weather information with empty longitude"/><testcase name="Successful consult of weather information in Json format"/><testcase name="Successful consult of weather information in XML format"/></testsuite>